[2018-05-09 20:26:55] [INFO] chromedriver
[2018-05-09 20:26:58] [INFO] 获取到的浏览区网址为：http://127.0.0.1/upload/forum.php
[2018-05-09 20:26:59] [INFO] 对[[ChromeDriver: chrome on XP (8bf0758c8c983d3cce6bc24c1ec5b254)] -> id: ls_username]该元素进行了点击操作
[2018-05-09 20:26:59] [INFO] 以向文本框输入：admin
[2018-05-09 20:26:59] [INFO] 对[[ChromeDriver: chrome on XP (8bf0758c8c983d3cce6bc24c1ec5b254)] -> id: ls_password]该元素进行了点击操作
[2018-05-09 20:26:59] [INFO] 以向文本框输入：123456
[2018-05-09 20:26:59] [INFO] 对[[ChromeDriver: chrome on XP (8bf0758c8c983d3cce6bc24c1ec5b254)] -> xpath: /html/body/div[5]/div/div[1]/form/div/div/table/tbody/tr[2]/td[3]/button]该元素进行了点击操作
[2018-05-09 20:26:59] [INFO] 开始查找元素：By.xpath: /html/body/div[6]/div/div[1]/div/p[1]/a[6]
[2018-05-09 20:27:04] [INFO] 找到了元素 [By.xpath: /html/body/div[6]/div/div[1]/div/p[1]/a[6]]
[2018-05-09 20:27:05] [INFO] 对[[ChromeDriver: chrome on XP (8bf0758c8c983d3cce6bc24c1ec5b254)] -> xpath: /html/body/div[6]/div/div[1]/div/p[1]/a[6]]该元素进行了点击操作
[2018-05-09 20:27:05] [INFO] 找到句柄CDwindow-9773122E5F7C640E30D245317A774308
[2018-05-09 20:27:05] [INFO] 找到句柄CDwindow-91D11C9914F4E330D61BEDEA97A88F32
[2018-05-09 20:27:05] [INFO] 开始查找元素：By.className: txt
[2018-05-09 20:27:06] [INFO] 找到了元素 [By.className: txt]
[2018-05-09 20:27:06] [INFO] 以向文本框输入：123456
[2018-05-09 20:27:32] [INFO] 对[[ChromeDriver: chrome on XP (8bf0758c8c983d3cce6bc24c1ec5b254)] -> class name: btn]该元素进行了点击操作
[2018-05-09 20:27:32] [INFO] 找到句柄CDwindow-9773122E5F7C640E30D245317A774308
[2018-05-09 20:27:32] [INFO] 找到句柄CDwindow-91D11C9914F4E330D61BEDEA97A88F32
[2018-05-09 20:27:32] [INFO] 开始查找元素：By.xpath: //*[@id="header_forum"]
[2018-05-09 20:27:32] [INFO] 找到了元素 [By.xpath: //*[@id="header_forum"]]
[2018-05-09 20:27:32] [INFO] 对[[ChromeDriver: chrome on XP (8bf0758c8c983d3cce6bc24c1ec5b254)] -> xpath: //*[@id="header_forum"]]该元素进行了点击操作
[2018-05-09 20:27:32] [INFO] 开始查找元素：By.className: addtr
[2018-05-09 20:27:36] [INFO] 找到了元素 [By.className: addtr]
[2018-05-09 20:27:36] [INFO] 对[[ChromeDriver: chrome on XP (8bf0758c8c983d3cce6bc24c1ec5b254)] -> class name: addtr]该元素进行了点击操作
[2018-05-09 20:27:36] [INFO] 对[[ChromeDriver: chrome on XP (8bf0758c8c983d3cce6bc24c1ec5b254)] -> id: submit_editsubmit]该元素进行了点击操作
[2018-05-09 20:27:36] [INFO] 找到句柄CDwindow-9773122E5F7C640E30D245317A774308
[2018-05-09 20:27:36] [INFO] 找到句柄CDwindow-91D11C9914F4E330D61BEDEA97A88F32
[2018-05-09 20:27:36] [INFO] 开始查找元素：By.xpath: //*[@id="frameuinfo"]/p[1]/a
[2018-05-09 20:27:36] [INFO] 找到了元素 [By.xpath: //*[@id="frameuinfo"]/p[1]/a]
[2018-05-09 20:27:40] [INFO] 对[[ChromeDriver: chrome on XP (8bf0758c8c983d3cce6bc24c1ec5b254)] -> xpath: //*[@id="frameuinfo"]/p[1]/a]该元素进行了点击操作
[2018-05-09 20:27:40] [INFO] 开始查找元素：By.xpath: //*[@id="frameuinfo"]/p[1]/a
[2018-05-09 20:27:46] [ERROR] 超时!! 5 秒之后还没找到元素 [By.xpath: //*[@id="frameuinfo"]/p[1]/a]
