[2018-05-09 21:56:51] [INFO] chromedriver
[2018-05-09 21:56:55] [INFO] 获取到的浏览区网址为：http://127.0.0.1/upload/forum.php
[2018-05-09 21:56:55] [INFO] 开始查找元素：By.id: ls_username
[2018-05-09 21:56:55] [INFO] 找到了元素 [By.id: ls_username]
[2018-05-09 21:56:55] [INFO] 对[[ChromeDriver: chrome on XP (cf0f91b2af5a59b0cb40ad7ca79ee78e)] -> id: ls_username]该元素进行了点击操作
[2018-05-09 21:56:55] [INFO] 以向文本框输入：admin
[2018-05-09 21:56:55] [INFO] 对[[ChromeDriver: chrome on XP (cf0f91b2af5a59b0cb40ad7ca79ee78e)] -> id: ls_password]该元素进行了点击操作
[2018-05-09 21:56:55] [INFO] 以向文本框输入：123456
[2018-05-09 21:56:55] [INFO] 对[[ChromeDriver: chrome on XP (cf0f91b2af5a59b0cb40ad7ca79ee78e)] -> xpath: /html/body/div[5]/div/div[1]/form/div/div/table/tbody/tr[2]/td[3]/button]该元素进行了点击操作
[2018-05-09 21:56:55] [INFO] 开始查找元素：By.xpath: /html/body/div[6]/div/div[1]/div/p[1]/a[6]
[2018-05-09 21:57:01] [INFO] 找到了元素 [By.xpath: /html/body/div[6]/div/div[1]/div/p[1]/a[6]]
[2018-05-09 21:57:01] [INFO] 对[[ChromeDriver: chrome on XP (cf0f91b2af5a59b0cb40ad7ca79ee78e)] -> xpath: /html/body/div[6]/div/div[1]/div/p[1]/a[6]]该元素进行了点击操作
[2018-05-09 21:57:01] [INFO] 找到句柄CDwindow-3D89B6C0E869090AEA68CED679C397B7
[2018-05-09 21:57:01] [INFO] 找到句柄CDwindow-7135F8FC0A6222EC45CF8AD50E5E0BFC
[2018-05-09 21:57:01] [INFO] 开始查找元素：By.className: txt
[2018-05-09 21:57:03] [INFO] 找到了元素 [By.className: txt]
[2018-05-09 21:57:03] [INFO] 以向文本框输入：123456
[2018-05-09 21:57:09] [INFO] 对[[ChromeDriver: chrome on XP (cf0f91b2af5a59b0cb40ad7ca79ee78e)] -> class name: btn]该元素进行了点击操作
[2018-05-09 21:57:09] [INFO] 找到句柄CDwindow-3D89B6C0E869090AEA68CED679C397B7
[2018-05-09 21:57:09] [INFO] 找到句柄CDwindow-7135F8FC0A6222EC45CF8AD50E5E0BFC
[2018-05-09 21:57:09] [INFO] 开始查找元素：By.xpath: //*[@id="header_forum"]
[2018-05-09 21:57:09] [INFO] 找到了元素 [By.xpath: //*[@id="header_forum"]]
[2018-05-09 21:57:10] [INFO] 对[[ChromeDriver: chrome on XP (cf0f91b2af5a59b0cb40ad7ca79ee78e)] -> xpath: //*[@id="header_forum"]]该元素进行了点击操作
[2018-05-09 21:57:10] [INFO] 开始查找元素：By.className: addtr
[2018-05-09 21:57:13] [INFO] 找到了元素 [By.className: addtr]
[2018-05-09 21:57:13] [INFO] 对[[ChromeDriver: chrome on XP (cf0f91b2af5a59b0cb40ad7ca79ee78e)] -> class name: addtr]该元素进行了点击操作
[2018-05-09 21:57:13] [INFO] 对[[ChromeDriver: chrome on XP (cf0f91b2af5a59b0cb40ad7ca79ee78e)] -> id: submit_editsubmit]该元素进行了点击操作
[2018-05-09 21:57:13] [INFO] 找到句柄CDwindow-3D89B6C0E869090AEA68CED679C397B7
[2018-05-09 21:57:13] [INFO] 找到句柄CDwindow-7135F8FC0A6222EC45CF8AD50E5E0BFC
[2018-05-09 21:57:13] [INFO] 开始查找元素：By.xpath: //*[@id="frameuinfo"]/p[1]/a
[2018-05-09 21:57:13] [INFO] 找到了元素 [By.xpath: //*[@id="frameuinfo"]/p[1]/a]
[2018-05-09 21:57:16] [INFO] 对[[ChromeDriver: chrome on XP (cf0f91b2af5a59b0cb40ad7ca79ee78e)] -> xpath: //*[@id="frameuinfo"]/p[1]/a]该元素进行了点击操作
[2018-05-09 21:57:17] [INFO] 对[[ChromeDriver: chrome on XP (cf0f91b2af5a59b0cb40ad7ca79ee78e)] -> xpath: /html/body/div[6]/div/div[1]/div/p[1]/a[7]]该元素进行了点击操作
[2018-05-09 21:57:17] [INFO] 开始查找元素：By.id: ls_username
[2018-05-09 21:57:21] [INFO] 找到了元素 [By.id: ls_username]
[2018-05-09 21:57:21] [INFO] 对[[ChromeDriver: chrome on XP (cf0f91b2af5a59b0cb40ad7ca79ee78e)] -> id: ls_username]该元素进行了点击操作
[2018-05-09 21:57:21] [INFO] 以向文本框输入：jingjingya
[2018-05-09 21:57:22] [INFO] 对[[ChromeDriver: chrome on XP (cf0f91b2af5a59b0cb40ad7ca79ee78e)] -> id: ls_password]该元素进行了点击操作
[2018-05-09 21:57:22] [INFO] 以向文本框输入：jingya00
[2018-05-09 21:57:22] [INFO] 对[[ChromeDriver: chrome on XP (cf0f91b2af5a59b0cb40ad7ca79ee78e)] -> xpath: /html/body/div[5]/div/div[1]/form/div/div/table/tbody/tr[2]/td[3]/button]该元素进行了点击操作
