[2018-05-09 19:23:11] [INFO] chromedriver
[2018-05-09 19:23:14] [INFO] 获取到的浏览区网址为：http://127.0.0.1/upload/forum.php
[2018-05-09 19:23:14] [INFO] 开始查找元素：By.id: ls_username
[2018-05-09 19:23:14] [INFO] 找到了元素 [By.id: ls_username]
[2018-05-09 19:23:14] [INFO] 对[[ChromeDriver: chrome on XP (456763e2a027d630ec19788b6450b52b)] -> id: ls_username]该元素进行了点击操作
[2018-05-09 19:23:14] [INFO] 以向文本框输入：admin
[2018-05-09 19:23:14] [INFO] 对[[ChromeDriver: chrome on XP (456763e2a027d630ec19788b6450b52b)] -> id: ls_password]该元素进行了点击操作
[2018-05-09 19:23:15] [INFO] 以向文本框输入：123456
[2018-05-09 19:23:15] [INFO] 对[[ChromeDriver: chrome on XP (456763e2a027d630ec19788b6450b52b)] -> xpath: /html/body/div[5]/div/div[1]/form/div/div/table/tbody/tr[2]/td[3]/button]该元素进行了点击操作
[2018-05-09 19:23:15] [INFO] 开始查找元素：By.xpath: /html/body/div[6]/div/div[1]/div/p[1]/a[6]
[2018-05-09 19:23:20] [INFO] 找到了元素 [By.xpath: /html/body/div[6]/div/div[1]/div/p[1]/a[6]]
[2018-05-09 19:23:20] [INFO] 对[[ChromeDriver: chrome on XP (456763e2a027d630ec19788b6450b52b)] -> xpath: /html/body/div[6]/div/div[1]/div/p[1]/a[6]]该元素进行了点击操作
[2018-05-09 19:23:20] [INFO] 找到句柄CDwindow-BB973B481B0F6C9A07551D7BEECD55AE
[2018-05-09 19:23:20] [INFO] 找到句柄CDwindow-62FEC2652A143262BFD2EF6C176E4A8D
[2018-05-09 19:23:20] [INFO] 开始查找元素：By.xpath: //*[@id="header_forum"]
[2018-05-09 19:23:44] [INFO] 找到了元素 [By.xpath: //*[@id="header_forum"]]
[2018-05-09 19:23:44] [INFO] 对[[ChromeDriver: chrome on XP (456763e2a027d630ec19788b6450b52b)] -> xpath: //*[@id="header_forum"]]该元素进行了点击操作
[2018-05-09 19:23:44] [INFO] 开始查找元素：By.className: addtr
[2018-05-09 19:23:47] [INFO] 找到了元素 [By.className: addtr]
[2018-05-09 19:23:47] [INFO] 对[[ChromeDriver: chrome on XP (456763e2a027d630ec19788b6450b52b)] -> class name: addtr]该元素进行了点击操作
[2018-05-09 19:23:47] [INFO] 对[[ChromeDriver: chrome on XP (456763e2a027d630ec19788b6450b52b)] -> id: submit_editsubmit]该元素进行了点击操作
[2018-05-09 19:23:47] [INFO] 找到句柄CDwindow-BB973B481B0F6C9A07551D7BEECD55AE
[2018-05-09 19:23:47] [INFO] 找到句柄CDwindow-62FEC2652A143262BFD2EF6C176E4A8D
[2018-05-09 19:23:47] [INFO] 开始查找元素：By.xpath: //*[@id="frameuinfo"]/p[1]/a
[2018-05-09 19:23:47] [INFO] 找到了元素 [By.xpath: //*[@id="frameuinfo"]/p[1]/a]
[2018-05-09 19:23:50] [INFO] 对[[ChromeDriver: chrome on XP (456763e2a027d630ec19788b6450b52b)] -> xpath: //*[@id="frameuinfo"]/p[1]/a]该元素进行了点击操作
[2018-05-09 19:23:50] [INFO] 开始查找元素：By.id: ls_username
[2018-05-09 19:23:56] [ERROR] 超时!! 5 秒之后还没找到元素 [By.id: ls_username]
