[2018-05-09 21:45:55] [INFO] chromedriver
[2018-05-09 21:46:02] [INFO] 获取到的浏览区网址为：http://127.0.0.1/upload/forum.php
[2018-05-09 21:46:02] [INFO] 对[[ChromeDriver: chrome on XP (b61e053758c6a5214eb76c664c57b090)] -> id: ls_username]该元素进行了点击操作
[2018-05-09 21:46:02] [INFO] 以向文本框输入：admin
[2018-05-09 21:46:02] [INFO] 对[[ChromeDriver: chrome on XP (b61e053758c6a5214eb76c664c57b090)] -> id: ls_password]该元素进行了点击操作
[2018-05-09 21:46:02] [INFO] 以向文本框输入：123456
[2018-05-09 21:46:03] [INFO] 对[[ChromeDriver: chrome on XP (b61e053758c6a5214eb76c664c57b090)] -> xpath: /html/body/div[5]/div/div[1]/form/div/div/table/tbody/tr[2]/td[3]/button]该元素进行了点击操作
[2018-05-09 21:46:03] [INFO] 开始查找元素：By.xpath: /html/body/div[6]/div/div[1]/div/p[1]/a[6]
[2018-05-09 21:46:13] [INFO] 找到了元素 [By.xpath: /html/body/div[6]/div/div[1]/div/p[1]/a[6]]
[2018-05-09 21:46:13] [INFO] 对[[ChromeDriver: chrome on XP (b61e053758c6a5214eb76c664c57b090)] -> xpath: /html/body/div[6]/div/div[1]/div/p[1]/a[6]]该元素进行了点击操作
[2018-05-09 21:46:13] [INFO] 找到句柄CDwindow-471592A2AFB020597069B79C721E7BF7
[2018-05-09 21:46:14] [INFO] 找到句柄CDwindow-05384A39B00346F1C098F7F4A4B19819
[2018-05-09 21:46:14] [INFO] 开始查找元素：By.className: txt
[2018-05-09 21:46:16] [INFO] 找到了元素 [By.className: txt]
[2018-05-09 21:46:16] [INFO] 以向文本框输入：123456
[2018-05-09 21:46:28] [INFO] 对[[ChromeDriver: chrome on XP (b61e053758c6a5214eb76c664c57b090)] -> class name: btn]该元素进行了点击操作
[2018-05-09 21:46:28] [INFO] 找到句柄CDwindow-471592A2AFB020597069B79C721E7BF7
[2018-05-09 21:46:28] [INFO] 找到句柄CDwindow-05384A39B00346F1C098F7F4A4B19819
[2018-05-09 21:46:28] [INFO] 开始查找元素：By.xpath: //*[@id="header_forum"]
[2018-05-09 21:46:28] [INFO] 找到了元素 [By.xpath: //*[@id="header_forum"]]
[2018-05-09 21:46:28] [INFO] 对[[ChromeDriver: chrome on XP (b61e053758c6a5214eb76c664c57b090)] -> xpath: //*[@id="header_forum"]]该元素进行了点击操作
[2018-05-09 21:46:28] [INFO] 开始查找元素：By.className: addtr
[2018-05-09 21:46:31] [INFO] 找到了元素 [By.className: addtr]
[2018-05-09 21:46:31] [INFO] 对[[ChromeDriver: chrome on XP (b61e053758c6a5214eb76c664c57b090)] -> class name: addtr]该元素进行了点击操作
[2018-05-09 21:46:32] [INFO] 对[[ChromeDriver: chrome on XP (b61e053758c6a5214eb76c664c57b090)] -> id: submit_editsubmit]该元素进行了点击操作
[2018-05-09 21:46:32] [INFO] 开始查找元素：By.xpath: //*[@id="frameuinfo"]/p[1]/a
[2018-05-09 21:46:38] [ERROR] 超时!! 5 秒之后还没找到元素 [By.xpath: //*[@id="frameuinfo"]/p[1]/a]
