[2018-05-09 15:19:38] [INFO] chromedriver
[2018-05-09 15:19:43] [INFO] 获取到的浏览区网址为：http://127.0.0.1/upload/forum.php
[2018-05-09 15:19:43] [INFO] 开始查找元素：By.id: ls_username
[2018-05-09 15:19:43] [INFO] 找到了元素 [By.id: ls_username]
[2018-05-09 15:19:43] [INFO] 对[[ChromeDriver: chrome on XP (26b1618f2950b4a686e89b11fc198c2a)] -> id: ls_username]该元素进行了点击操作
[2018-05-09 15:19:43] [INFO] 以向文本框输入：admin
[2018-05-09 15:19:44] [INFO] 对[[ChromeDriver: chrome on XP (26b1618f2950b4a686e89b11fc198c2a)] -> id: ls_password]该元素进行了点击操作
[2018-05-09 15:19:44] [INFO] 以向文本框输入：123456
[2018-05-09 15:19:44] [INFO] 对[[ChromeDriver: chrome on XP (26b1618f2950b4a686e89b11fc198c2a)] -> xpath: /html/body/div[5]/div/div[1]/form/div/div/table/tbody/tr[2]/td[3]/button]该元素进行了点击操作
[2018-05-09 15:19:44] [INFO] 开始查找元素：By.xpath: /html/body/div[5]/div/div[1]/form/div/div/table/tbody/tr[2]/td[3]/button
[2018-05-09 15:19:44] [INFO] 找到了元素 [By.xpath: /html/body/div[5]/div/div[1]/form/div/div/table/tbody/tr[2]/td[3]/button]
[2018-05-09 15:19:44] [INFO] 开始查找元素：By.xpath: /html/body/div[6]/div/div[1]/div/p[1]/a[6]
[2018-05-09 15:19:49] [INFO] 找到了元素 [By.xpath: /html/body/div[6]/div/div[1]/div/p[1]/a[6]]
[2018-05-09 15:19:49] [INFO] 对[[ChromeDriver: chrome on XP (26b1618f2950b4a686e89b11fc198c2a)] -> xpath: /html/body/div[6]/div/div[1]/div/p[1]/a[6]]该元素进行了点击操作
[2018-05-09 15:19:50] [INFO] 开始查找元素：By.className: txt
[2018-05-09 15:19:51] [INFO] 找到了元素 [By.className: txt]
[2018-05-09 15:19:51] [INFO] 以向文本框输入：123456
[2018-05-09 15:20:17] [INFO] 对[[ChromeDriver: chrome on XP (26b1618f2950b4a686e89b11fc198c2a)] -> class name: btn]该元素进行了点击操作
[2018-05-09 15:20:17] [INFO] 开始查找元素：By.xpath: //*[@id="header_forum"]
[2018-05-09 15:20:17] [INFO] 找到了元素 [By.xpath: //*[@id="header_forum"]]
[2018-05-09 15:20:17] [INFO] 对[[ChromeDriver: chrome on XP (26b1618f2950b4a686e89b11fc198c2a)] -> xpath: //*[@id="header_forum"]]该元素进行了点击操作
[2018-05-09 15:20:17] [INFO] 开始查找元素：By.className: addtr
[2018-05-09 15:20:33] [ERROR] 超时!! 15 秒之后还没找到元素 [By.className: addtr]
