[2018-05-09 14:26:58] [INFO] chromedriver
[2018-05-09 14:27:02] [INFO] 获取到的浏览区网址为：http://127.0.0.1/upload/forum.php
[2018-05-09 14:27:02] [INFO] 开始查找元素：By.id: ls_username
[2018-05-09 14:27:02] [INFO] 找到了元素 [By.id: ls_username]
[2018-05-09 14:27:02] [INFO] 对[[ChromeDriver: chrome on XP (9911ba801d178f5a18ec1b5365cfe051)] -> id: ls_username]该元素进行了点击操作
[2018-05-09 14:27:02] [INFO] 以向文本框输入：admin
[2018-05-09 14:27:02] [INFO] 对[[ChromeDriver: chrome on XP (9911ba801d178f5a18ec1b5365cfe051)] -> id: ls_password]该元素进行了点击操作
[2018-05-09 14:27:02] [INFO] 以向文本框输入：123456
[2018-05-09 14:27:02] [INFO] 对[[ChromeDriver: chrome on XP (9911ba801d178f5a18ec1b5365cfe051)] -> xpath: /html/body/div[5]/div/div[1]/form/div/div/table/tbody/tr[2]/td[3]/button]该元素进行了点击操作
[2018-05-09 14:27:02] [INFO] 开始查找元素：By.xpath: /html/body/div[5]/div/div[1]/form/div/div/table/tbody/tr[2]/td[3]/button
[2018-05-09 14:27:02] [INFO] 找到了元素 [By.xpath: /html/body/div[5]/div/div[1]/form/div/div/table/tbody/tr[2]/td[3]/button]
[2018-05-09 14:27:02] [INFO] 开始查找元素：By.xpath: /html/body/div[6]/div/div[1]/div/p[1]/a[6]
[2018-05-09 14:27:08] [INFO] 找到了元素 [By.xpath: /html/body/div[6]/div/div[1]/div/p[1]/a[6]]
[2018-05-09 14:27:08] [INFO] 对[[ChromeDriver: chrome on XP (9911ba801d178f5a18ec1b5365cfe051)] -> xpath: /html/body/div[6]/div/div[1]/div/p[1]/a[6]]该元素进行了点击操作
[2018-05-09 14:27:08] [INFO] 开始查找元素：By.className: txt
[2018-05-09 14:27:09] [INFO] 找到了元素 [By.className: txt]
[2018-05-09 14:27:09] [INFO] 以向文本框输入：123456
[2018-05-09 14:27:36] [INFO] 对[[ChromeDriver: chrome on XP (9911ba801d178f5a18ec1b5365cfe051)] -> class name: btn]该元素进行了点击操作
[2018-05-09 14:27:36] [INFO] 开始查找元素：By.xpath: //*[@id="header_forum"]
[2018-05-09 14:27:36] [INFO] 找到了元素 [By.xpath: //*[@id="header_forum"]]
[2018-05-09 14:27:36] [INFO] 对[[ChromeDriver: chrome on XP (9911ba801d178f5a18ec1b5365cfe051)] -> xpath: //*[@id="header_forum"]]该元素进行了点击操作
