[2018-05-09 19:17:04] [INFO] chromedriver
[2018-05-09 19:17:07] [INFO] 获取到的浏览区网址为：http://127.0.0.1/upload/forum.php
[2018-05-09 19:17:07] [INFO] 开始查找元素：By.id: ls_username
[2018-05-09 19:17:07] [INFO] 找到了元素 [By.id: ls_username]
[2018-05-09 19:17:07] [INFO] 对[[ChromeDriver: chrome on XP (98f2c843a45ab48ce91e66df39103de4)] -> id: ls_username]该元素进行了点击操作
[2018-05-09 19:17:08] [INFO] 以向文本框输入：admin
[2018-05-09 19:17:08] [INFO] 对[[ChromeDriver: chrome on XP (98f2c843a45ab48ce91e66df39103de4)] -> id: ls_password]该元素进行了点击操作
[2018-05-09 19:17:08] [INFO] 以向文本框输入：123456
[2018-05-09 19:17:08] [INFO] 对[[ChromeDriver: chrome on XP (98f2c843a45ab48ce91e66df39103de4)] -> xpath: /html/body/div[5]/div/div[1]/form/div/div/table/tbody/tr[2]/td[3]/button]该元素进行了点击操作
[2018-05-09 19:17:08] [INFO] 开始查找元素：By.xpath: /html/body/div[6]/div/div[1]/div/p[1]/a[6]
[2018-05-09 19:17:13] [INFO] 找到了元素 [By.xpath: /html/body/div[6]/div/div[1]/div/p[1]/a[6]]
[2018-05-09 19:17:13] [INFO] 对[[ChromeDriver: chrome on XP (98f2c843a45ab48ce91e66df39103de4)] -> xpath: /html/body/div[6]/div/div[1]/div/p[1]/a[6]]该元素进行了点击操作
[2018-05-09 19:17:13] [INFO] 找到句柄CDwindow-BF6D20CA10F1685D7E65D1335E4E671C
[2018-05-09 19:17:13] [INFO] 找到句柄CDwindow-42DE2816566617F139CC2559E7DE067C
[2018-05-09 19:17:13] [INFO] 开始查找元素：By.xpath: //*[@id="header_forum"]
[2018-05-09 19:17:37] [INFO] 找到了元素 [By.xpath: //*[@id="header_forum"]]
[2018-05-09 19:17:37] [INFO] 对[[ChromeDriver: chrome on XP (98f2c843a45ab48ce91e66df39103de4)] -> xpath: //*[@id="header_forum"]]该元素进行了点击操作
[2018-05-09 19:17:37] [INFO] 开始查找元素：By.className: addtr
[2018-05-09 19:17:40] [INFO] 找到了元素 [By.className: addtr]
[2018-05-09 19:17:41] [INFO] 对[[ChromeDriver: chrome on XP (98f2c843a45ab48ce91e66df39103de4)] -> class name: addtr]该元素进行了点击操作
[2018-05-09 19:17:41] [INFO] 对[[ChromeDriver: chrome on XP (98f2c843a45ab48ce91e66df39103de4)] -> id: submit_editsubmit]该元素进行了点击操作
[2018-05-09 19:17:41] [INFO] 开始查找元素：By.xpath: //*[@id="frameuinfo"]/p[1]/a
[2018-05-09 19:17:53] [ERROR] 超时!! 10 秒之后还没找到元素 [By.xpath: //*[@id="frameuinfo"]/p[1]/a]
