[2018-05-09 22:06:09] [INFO] chromedriver
[2018-05-09 22:06:12] [INFO] 获取到的浏览区网址为：http://127.0.0.1/upload/forum.php
[2018-05-09 22:06:12] [INFO] 开始查找元素：By.id: ls_username
[2018-05-09 22:06:12] [INFO] 找到了元素 [By.id: ls_username]
[2018-05-09 22:06:12] [INFO] 对[[ChromeDriver: chrome on XP (55b3dc6cd25c00fe91148e022104fb3f)] -> id: ls_username]该元素进行了点击操作
[2018-05-09 22:06:12] [INFO] 以向文本框输入：admin
[2018-05-09 22:06:12] [INFO] 对[[ChromeDriver: chrome on XP (55b3dc6cd25c00fe91148e022104fb3f)] -> id: ls_password]该元素进行了点击操作
[2018-05-09 22:06:12] [INFO] 以向文本框输入：123456
[2018-05-09 22:06:12] [INFO] 对[[ChromeDriver: chrome on XP (55b3dc6cd25c00fe91148e022104fb3f)] -> xpath: /html/body/div[5]/div/div[1]/form/div/div/table/tbody/tr[2]/td[3]/button]该元素进行了点击操作
[2018-05-09 22:06:12] [INFO] 开始查找元素：By.xpath: /html/body/div[6]/div/div[1]/div/p[1]/a[6]
[2018-05-09 22:06:18] [INFO] 找到了元素 [By.xpath: /html/body/div[6]/div/div[1]/div/p[1]/a[6]]
[2018-05-09 22:06:18] [INFO] 对[[ChromeDriver: chrome on XP (55b3dc6cd25c00fe91148e022104fb3f)] -> xpath: /html/body/div[6]/div/div[1]/div/p[1]/a[6]]该元素进行了点击操作
[2018-05-09 22:06:18] [INFO] 找到句柄CDwindow-2FE548E0BD446D82DC975E958E83E39C
[2018-05-09 22:06:18] [INFO] 找到句柄CDwindow-24CC6BC0FEE3562C7D091FD7138E002A
[2018-05-09 22:06:18] [INFO] 开始查找元素：By.className: txt
[2018-05-09 22:06:20] [INFO] 找到了元素 [By.className: txt]
[2018-05-09 22:06:20] [INFO] 以向文本框输入：123456
[2018-05-09 22:06:26] [INFO] 对[[ChromeDriver: chrome on XP (55b3dc6cd25c00fe91148e022104fb3f)] -> class name: btn]该元素进行了点击操作
[2018-05-09 22:06:26] [INFO] 找到句柄CDwindow-2FE548E0BD446D82DC975E958E83E39C
[2018-05-09 22:06:26] [INFO] 找到句柄CDwindow-24CC6BC0FEE3562C7D091FD7138E002A
[2018-05-09 22:06:26] [INFO] 开始查找元素：By.xpath: //*[@id="header_forum"]
[2018-05-09 22:06:26] [INFO] 找到了元素 [By.xpath: //*[@id="header_forum"]]
[2018-05-09 22:06:26] [INFO] 对[[ChromeDriver: chrome on XP (55b3dc6cd25c00fe91148e022104fb3f)] -> xpath: //*[@id="header_forum"]]该元素进行了点击操作
[2018-05-09 22:06:26] [INFO] 开始查找元素：By.className: addtr
[2018-05-09 22:06:29] [INFO] 找到了元素 [By.className: addtr]
[2018-05-09 22:06:30] [INFO] 对[[ChromeDriver: chrome on XP (55b3dc6cd25c00fe91148e022104fb3f)] -> class name: addtr]该元素进行了点击操作
[2018-05-09 22:06:30] [INFO] 对[[ChromeDriver: chrome on XP (55b3dc6cd25c00fe91148e022104fb3f)] -> id: submit_editsubmit]该元素进行了点击操作
[2018-05-09 22:06:30] [INFO] 找到句柄CDwindow-2FE548E0BD446D82DC975E958E83E39C
[2018-05-09 22:06:30] [INFO] 找到句柄CDwindow-24CC6BC0FEE3562C7D091FD7138E002A
[2018-05-09 22:06:30] [INFO] 开始查找元素：By.xpath: //*[@id="frameuinfo"]/p[1]/a
[2018-05-09 22:06:30] [INFO] 找到了元素 [By.xpath: //*[@id="frameuinfo"]/p[1]/a]
[2018-05-09 22:06:32] [INFO] 对[[ChromeDriver: chrome on XP (55b3dc6cd25c00fe91148e022104fb3f)] -> xpath: //*[@id="frameuinfo"]/p[1]/a]该元素进行了点击操作
[2018-05-09 22:06:34] [INFO] 对[[ChromeDriver: chrome on XP (55b3dc6cd25c00fe91148e022104fb3f)] -> xpath: /html/body/div[6]/div/div[1]/div/p[1]/a[7]]该元素进行了点击操作
[2018-05-09 22:06:34] [INFO] 开始查找元素：By.id: ls_username
[2018-05-09 22:06:38] [INFO] 找到了元素 [By.id: ls_username]
[2018-05-09 22:06:38] [INFO] 对[[ChromeDriver: chrome on XP (55b3dc6cd25c00fe91148e022104fb3f)] -> id: ls_username]该元素进行了点击操作
[2018-05-09 22:06:38] [INFO] 以向文本框输入：jingjingya
[2018-05-09 22:06:38] [INFO] 对[[ChromeDriver: chrome on XP (55b3dc6cd25c00fe91148e022104fb3f)] -> id: ls_password]该元素进行了点击操作
[2018-05-09 22:06:39] [INFO] 以向文本框输入：jingya00
[2018-05-09 22:06:39] [INFO] 对[[ChromeDriver: chrome on XP (55b3dc6cd25c00fe91148e022104fb3f)] -> xpath: /html/body/div[5]/div/div[1]/form/div/div/table/tbody/tr[2]/td[3]/button]该元素进行了点击操作
[2018-05-09 22:06:39] [INFO] 开始查找元素：By.xpath: /html/body/div[7]/div[3]/div[3]/div[1]/div/div[2]/table/tbody/tr[2]/td[2]/h2/a
[2018-05-09 22:06:44] [INFO] 找到了元素 [By.xpath: /html/body/div[7]/div[3]/div[3]/div[1]/div/div[2]/table/tbody/tr[2]/td[2]/h2/a]
[2018-05-09 22:06:46] [INFO] 对[[ChromeDriver: chrome on XP (55b3dc6cd25c00fe91148e022104fb3f)] -> xpath: /html/body/div[7]/div[3]/div[3]/div[1]/div/div[2]/table/tbody/tr[2]/td[2]/h2/a]该元素进行了点击操作
