[2018-05-09 20:34:02] [INFO] chromedriver
[2018-05-09 20:34:05] [INFO] 获取到的浏览区网址为：http://127.0.0.1/upload/forum.php
[2018-05-09 20:34:05] [INFO] 对[[ChromeDriver: chrome on XP (b7e5c2d818c13b88dfa48700f9dbd0b7)] -> id: ls_username]该元素进行了点击操作
[2018-05-09 20:34:05] [INFO] 以向文本框输入：admin
[2018-05-09 20:34:06] [INFO] 对[[ChromeDriver: chrome on XP (b7e5c2d818c13b88dfa48700f9dbd0b7)] -> id: ls_password]该元素进行了点击操作
[2018-05-09 20:34:06] [INFO] 以向文本框输入：123456
[2018-05-09 20:34:06] [INFO] 对[[ChromeDriver: chrome on XP (b7e5c2d818c13b88dfa48700f9dbd0b7)] -> xpath: /html/body/div[5]/div/div[1]/form/div/div/table/tbody/tr[2]/td[3]/button]该元素进行了点击操作
[2018-05-09 20:34:06] [INFO] 开始查找元素：By.xpath: /html/body/div[6]/div/div[1]/div/p[1]/a[6]
[2018-05-09 20:34:11] [INFO] 找到了元素 [By.xpath: /html/body/div[6]/div/div[1]/div/p[1]/a[6]]
[2018-05-09 20:34:11] [INFO] 对[[ChromeDriver: chrome on XP (b7e5c2d818c13b88dfa48700f9dbd0b7)] -> xpath: /html/body/div[6]/div/div[1]/div/p[1]/a[6]]该元素进行了点击操作
[2018-05-09 20:34:11] [INFO] 找到句柄CDwindow-2625A7748303A5315C4AD9BD5FC599CD
[2018-05-09 20:34:11] [INFO] 找到句柄CDwindow-F875DD5963E6107A0ABFB93CDE3178F2
[2018-05-09 20:34:11] [INFO] 开始查找元素：By.className: txt
[2018-05-09 20:34:12] [INFO] 找到了元素 [By.className: txt]
[2018-05-09 20:34:13] [INFO] 以向文本框输入：123456
[2018-05-09 20:34:38] [INFO] 对[[ChromeDriver: chrome on XP (b7e5c2d818c13b88dfa48700f9dbd0b7)] -> class name: btn]该元素进行了点击操作
[2018-05-09 20:34:38] [INFO] 找到句柄CDwindow-2625A7748303A5315C4AD9BD5FC599CD
[2018-05-09 20:34:38] [INFO] 找到句柄CDwindow-F875DD5963E6107A0ABFB93CDE3178F2
[2018-05-09 20:34:38] [INFO] 开始查找元素：By.xpath: //*[@id="header_forum"]
[2018-05-09 20:34:38] [INFO] 找到了元素 [By.xpath: //*[@id="header_forum"]]
[2018-05-09 20:34:38] [INFO] 对[[ChromeDriver: chrome on XP (b7e5c2d818c13b88dfa48700f9dbd0b7)] -> xpath: //*[@id="header_forum"]]该元素进行了点击操作
[2018-05-09 20:34:38] [INFO] 开始查找元素：By.className: addtr
[2018-05-09 20:34:41] [INFO] 找到了元素 [By.className: addtr]
[2018-05-09 20:34:41] [INFO] 对[[ChromeDriver: chrome on XP (b7e5c2d818c13b88dfa48700f9dbd0b7)] -> class name: addtr]该元素进行了点击操作
[2018-05-09 20:34:42] [INFO] 对[[ChromeDriver: chrome on XP (b7e5c2d818c13b88dfa48700f9dbd0b7)] -> id: submit_editsubmit]该元素进行了点击操作
[2018-05-09 20:34:42] [INFO] 开始查找元素：By.xpath: //*[@id="frameuinfo"]/p[1]/a
[2018-05-09 20:34:48] [ERROR] 超时!! 5 秒之后还没找到元素 [By.xpath: //*[@id="frameuinfo"]/p[1]/a]
