[2018-05-09 22:02:55] [INFO] chromedriver
[2018-05-09 22:02:58] [INFO] 获取到的浏览区网址为：http://127.0.0.1/upload/forum.php
[2018-05-09 22:02:58] [INFO] 开始查找元素：By.id: ls_username
[2018-05-09 22:02:58] [INFO] 找到了元素 [By.id: ls_username]
[2018-05-09 22:02:58] [INFO] 对[[ChromeDriver: chrome on XP (baab4ab912473cfbbe3019f82e53dcd3)] -> id: ls_username]该元素进行了点击操作
[2018-05-09 22:02:58] [INFO] 以向文本框输入：admin
[2018-05-09 22:02:59] [INFO] 对[[ChromeDriver: chrome on XP (baab4ab912473cfbbe3019f82e53dcd3)] -> id: ls_password]该元素进行了点击操作
[2018-05-09 22:02:59] [INFO] 以向文本框输入：123456
[2018-05-09 22:02:59] [INFO] 对[[ChromeDriver: chrome on XP (baab4ab912473cfbbe3019f82e53dcd3)] -> xpath: /html/body/div[5]/div/div[1]/form/div/div/table/tbody/tr[2]/td[3]/button]该元素进行了点击操作
[2018-05-09 22:02:59] [INFO] 开始查找元素：By.xpath: /html/body/div[6]/div/div[1]/div/p[1]/a[6]
[2018-05-09 22:03:05] [INFO] 找到了元素 [By.xpath: /html/body/div[6]/div/div[1]/div/p[1]/a[6]]
[2018-05-09 22:03:05] [INFO] 对[[ChromeDriver: chrome on XP (baab4ab912473cfbbe3019f82e53dcd3)] -> xpath: /html/body/div[6]/div/div[1]/div/p[1]/a[6]]该元素进行了点击操作
[2018-05-09 22:03:05] [INFO] 找到句柄CDwindow-DB9239D629F10A3BC7922C1076AAD2D8
[2018-05-09 22:03:05] [INFO] 找到句柄CDwindow-1CD41677546C7DF29EC73E262F24613E
[2018-05-09 22:03:05] [INFO] 开始查找元素：By.className: txt
[2018-05-09 22:03:06] [INFO] 找到了元素 [By.className: txt]
[2018-05-09 22:03:06] [INFO] 以向文本框输入：123456
[2018-05-09 22:03:13] [INFO] 对[[ChromeDriver: chrome on XP (baab4ab912473cfbbe3019f82e53dcd3)] -> class name: btn]该元素进行了点击操作
[2018-05-09 22:03:13] [INFO] 找到句柄CDwindow-DB9239D629F10A3BC7922C1076AAD2D8
[2018-05-09 22:03:13] [INFO] 找到句柄CDwindow-1CD41677546C7DF29EC73E262F24613E
[2018-05-09 22:03:13] [INFO] 开始查找元素：By.xpath: //*[@id="header_forum"]
[2018-05-09 22:03:13] [INFO] 找到了元素 [By.xpath: //*[@id="header_forum"]]
[2018-05-09 22:03:13] [INFO] 对[[ChromeDriver: chrome on XP (baab4ab912473cfbbe3019f82e53dcd3)] -> xpath: //*[@id="header_forum"]]该元素进行了点击操作
[2018-05-09 22:03:13] [INFO] 开始查找元素：By.className: addtr
[2018-05-09 22:03:16] [INFO] 找到了元素 [By.className: addtr]
[2018-05-09 22:03:16] [INFO] 对[[ChromeDriver: chrome on XP (baab4ab912473cfbbe3019f82e53dcd3)] -> class name: addtr]该元素进行了点击操作
[2018-05-09 22:03:16] [INFO] 对[[ChromeDriver: chrome on XP (baab4ab912473cfbbe3019f82e53dcd3)] -> id: submit_editsubmit]该元素进行了点击操作
[2018-05-09 22:03:16] [INFO] 找到句柄CDwindow-DB9239D629F10A3BC7922C1076AAD2D8
[2018-05-09 22:03:16] [INFO] 找到句柄CDwindow-1CD41677546C7DF29EC73E262F24613E
[2018-05-09 22:03:16] [INFO] 开始查找元素：By.xpath: //*[@id="frameuinfo"]/p[1]/a
[2018-05-09 22:03:16] [INFO] 找到了元素 [By.xpath: //*[@id="frameuinfo"]/p[1]/a]
[2018-05-09 22:03:19] [INFO] 对[[ChromeDriver: chrome on XP (baab4ab912473cfbbe3019f82e53dcd3)] -> xpath: //*[@id="frameuinfo"]/p[1]/a]该元素进行了点击操作
[2018-05-09 22:03:20] [INFO] 对[[ChromeDriver: chrome on XP (baab4ab912473cfbbe3019f82e53dcd3)] -> xpath: /html/body/div[6]/div/div[1]/div/p[1]/a[7]]该元素进行了点击操作
[2018-05-09 22:03:20] [INFO] 开始查找元素：By.id: ls_username
[2018-05-09 22:03:24] [INFO] 找到了元素 [By.id: ls_username]
[2018-05-09 22:03:25] [INFO] 对[[ChromeDriver: chrome on XP (baab4ab912473cfbbe3019f82e53dcd3)] -> id: ls_username]该元素进行了点击操作
[2018-05-09 22:03:25] [INFO] 以向文本框输入：jingjingya
[2018-05-09 22:03:25] [INFO] 对[[ChromeDriver: chrome on XP (baab4ab912473cfbbe3019f82e53dcd3)] -> id: ls_password]该元素进行了点击操作
[2018-05-09 22:03:25] [INFO] 以向文本框输入：jingya00
[2018-05-09 22:03:25] [INFO] 对[[ChromeDriver: chrome on XP (baab4ab912473cfbbe3019f82e53dcd3)] -> xpath: /html/body/div[5]/div/div[1]/form/div/div/table/tbody/tr[2]/td[3]/button]该元素进行了点击操作
