[2018-05-09 16:09:09] [INFO] chromedriver
[2018-05-09 16:09:22] [INFO] 获取到的浏览区网址为：http://127.0.0.1/upload/forum.php
[2018-05-09 16:09:22] [INFO] 开始查找元素：By.id: ls_username
[2018-05-09 16:09:22] [INFO] 找到了元素 [By.id: ls_username]
[2018-05-09 16:09:22] [INFO] 对[[ChromeDriver: chrome on XP (ac9c4d7c8524fc2fb0b2b106aa2fea71)] -> id: ls_username]该元素进行了点击操作
[2018-05-09 16:09:22] [INFO] 以向文本框输入：admin
[2018-05-09 16:09:23] [INFO] 对[[ChromeDriver: chrome on XP (ac9c4d7c8524fc2fb0b2b106aa2fea71)] -> id: ls_password]该元素进行了点击操作
[2018-05-09 16:09:23] [INFO] 以向文本框输入：123456
[2018-05-09 16:09:23] [INFO] 对[[ChromeDriver: chrome on XP (ac9c4d7c8524fc2fb0b2b106aa2fea71)] -> xpath: /html/body/div[5]/div/div[1]/form/div/div/table/tbody/tr[2]/td[3]/button]该元素进行了点击操作
[2018-05-09 16:09:23] [INFO] 开始查找元素：By.xpath: /html/body/div[5]/div/div[1]/form/div/div/table/tbody/tr[2]/td[3]/button
[2018-05-09 16:09:23] [INFO] 找到了元素 [By.xpath: /html/body/div[5]/div/div[1]/form/div/div/table/tbody/tr[2]/td[3]/button]
[2018-05-09 16:09:23] [INFO] 开始查找元素：By.xpath: /html/body/div[6]/div/div[1]/div/p[1]/a[6]
[2018-05-09 16:09:32] [INFO] 找到了元素 [By.xpath: /html/body/div[6]/div/div[1]/div/p[1]/a[6]]
[2018-05-09 16:09:32] [INFO] 对[[ChromeDriver: chrome on XP (ac9c4d7c8524fc2fb0b2b106aa2fea71)] -> xpath: /html/body/div[6]/div/div[1]/div/p[1]/a[6]]该元素进行了点击操作
[2018-05-09 16:09:32] [INFO] 开始查找元素：By.className: txt
[2018-05-09 16:09:34] [INFO] 找到了元素 [By.className: txt]
[2018-05-09 16:09:34] [INFO] 以向文本框输入：123456
[2018-05-09 16:10:12] [INFO] 对[[ChromeDriver: chrome on XP (ac9c4d7c8524fc2fb0b2b106aa2fea71)] -> class name: btn]该元素进行了点击操作
[2018-05-09 16:10:12] [INFO] 开始查找元素：By.xpath: //*[@id="header_forum"]
[2018-05-09 16:10:12] [INFO] 找到了元素 [By.xpath: //*[@id="header_forum"]]
[2018-05-09 16:10:12] [INFO] 对[[ChromeDriver: chrome on XP (ac9c4d7c8524fc2fb0b2b106aa2fea71)] -> xpath: //*[@id="header_forum"]]该元素进行了点击操作
[2018-05-09 16:10:12] [INFO] 开始查找元素：By.className: addtr
[2018-05-09 16:10:27] [ERROR] 超时!! 15 秒之后还没找到元素 [By.className: addtr]
