[2018-05-09 19:01:02] [INFO] chromedriver
[2018-05-09 19:01:06] [INFO] 获取到的浏览区网址为：http://127.0.0.1/upload/forum.php
[2018-05-09 19:01:06] [INFO] 开始查找元素：By.id: ls_username
[2018-05-09 19:01:06] [INFO] 找到了元素 [By.id: ls_username]
[2018-05-09 19:01:11] [INFO] 对[[ChromeDriver: chrome on XP (6b1bc083880c9019ef48b7e374c01658)] -> id: ls_username]该元素进行了点击操作
[2018-05-09 19:01:11] [INFO] 以向文本框输入：admin
[2018-05-09 19:01:16] [INFO] 对[[ChromeDriver: chrome on XP (6b1bc083880c9019ef48b7e374c01658)] -> id: ls_password]该元素进行了点击操作
[2018-05-09 19:01:16] [INFO] 以向文本框输入：123456
[2018-05-09 19:01:21] [INFO] 对[[ChromeDriver: chrome on XP (6b1bc083880c9019ef48b7e374c01658)] -> xpath: /html/body/div[5]/div/div[1]/form/div/div/table/tbody/tr[2]/td[3]/button]该元素进行了点击操作
[2018-05-09 19:01:21] [INFO] 开始查找元素：By.xpath: /html/body/div[6]/div/div[1]/div/p[1]/a[6]
[2018-05-09 19:01:27] [INFO] 找到了元素 [By.xpath: /html/body/div[6]/div/div[1]/div/p[1]/a[6]]
[2018-05-09 19:01:32] [INFO] 对[[ChromeDriver: chrome on XP (6b1bc083880c9019ef48b7e374c01658)] -> xpath: /html/body/div[6]/div/div[1]/div/p[1]/a[6]]该元素进行了点击操作
[2018-05-09 19:01:32] [INFO] 找到句柄CDwindow-16CF7FA6F0139256906D6CF241F26F64
[2018-05-09 19:01:32] [INFO] 找到句柄CDwindow-1F847D0AB0D9D2DD7841480E7A4458B6
[2018-05-09 19:01:32] [INFO] 开始查找元素：By.xpath: //*[@id="header_forum"]
[2018-05-09 19:01:55] [INFO] 找到了元素 [By.xpath: //*[@id="header_forum"]]
[2018-05-09 19:01:55] [INFO] 对[[ChromeDriver: chrome on XP (6b1bc083880c9019ef48b7e374c01658)] -> xpath: //*[@id="header_forum"]]该元素进行了点击操作
[2018-05-09 19:01:55] [INFO] 开始查找元素：By.className: addtr
[2018-05-09 19:01:58] [INFO] 找到了元素 [By.className: addtr]
[2018-05-09 19:01:59] [INFO] 对[[ChromeDriver: chrome on XP (6b1bc083880c9019ef48b7e374c01658)] -> class name: addtr]该元素进行了点击操作
[2018-05-09 19:01:59] [INFO] 对[[ChromeDriver: chrome on XP (6b1bc083880c9019ef48b7e374c01658)] -> id: submit_editsubmit]该元素进行了点击操作
[2018-05-09 19:01:59] [INFO] 开始查找元素：By.xpath: //*[@id="frameuinfo"]/p[1]/a
[2018-05-09 19:02:05] [ERROR] 超时!! 5 秒之后还没找到元素 [By.xpath: //*[@id="frameuinfo"]/p[1]/a]
