[2018-05-09 21:50:40] [INFO] chromedriver
[2018-05-09 21:50:43] [INFO] 获取到的浏览区网址为：http://127.0.0.1/upload/forum.php
[2018-05-09 21:50:43] [INFO] 对[[ChromeDriver: chrome on XP (f985faa7fa55ee05b22d5faa54d7a59d)] -> id: ls_username]该元素进行了点击操作
[2018-05-09 21:50:43] [INFO] 以向文本框输入：admin
[2018-05-09 21:50:43] [INFO] 对[[ChromeDriver: chrome on XP (f985faa7fa55ee05b22d5faa54d7a59d)] -> id: ls_password]该元素进行了点击操作
[2018-05-09 21:50:43] [INFO] 以向文本框输入：123456
[2018-05-09 21:50:43] [INFO] 对[[ChromeDriver: chrome on XP (f985faa7fa55ee05b22d5faa54d7a59d)] -> xpath: /html/body/div[5]/div/div[1]/form/div/div/table/tbody/tr[2]/td[3]/button]该元素进行了点击操作
[2018-05-09 21:50:43] [INFO] 开始查找元素：By.xpath: /html/body/div[6]/div/div[1]/div/p[1]/a[6]
[2018-05-09 21:50:49] [INFO] 找到了元素 [By.xpath: /html/body/div[6]/div/div[1]/div/p[1]/a[6]]
[2018-05-09 21:50:49] [INFO] 对[[ChromeDriver: chrome on XP (f985faa7fa55ee05b22d5faa54d7a59d)] -> xpath: /html/body/div[6]/div/div[1]/div/p[1]/a[6]]该元素进行了点击操作
[2018-05-09 21:50:49] [INFO] 找到句柄CDwindow-FD3256E1D17EF2294D78B7242C410E6C
[2018-05-09 21:50:49] [INFO] 找到句柄CDwindow-F37DEBE7D752B492703DD8F74AD68965
[2018-05-09 21:50:49] [INFO] 开始查找元素：By.xpath: //*[@id="header_forum"]
[2018-05-09 21:50:53] [INFO] 找到了元素 [By.xpath: //*[@id="header_forum"]]
[2018-05-09 21:50:53] [INFO] 对[[ChromeDriver: chrome on XP (f985faa7fa55ee05b22d5faa54d7a59d)] -> xpath: //*[@id="header_forum"]]该元素进行了点击操作
[2018-05-09 21:50:53] [INFO] 开始查找元素：By.className: addtr
[2018-05-09 21:50:56] [INFO] 找到了元素 [By.className: addtr]
[2018-05-09 21:50:56] [INFO] 对[[ChromeDriver: chrome on XP (f985faa7fa55ee05b22d5faa54d7a59d)] -> class name: addtr]该元素进行了点击操作
[2018-05-09 21:50:57] [INFO] 对[[ChromeDriver: chrome on XP (f985faa7fa55ee05b22d5faa54d7a59d)] -> id: submit_editsubmit]该元素进行了点击操作
[2018-05-09 21:50:57] [INFO] 找到句柄CDwindow-FD3256E1D17EF2294D78B7242C410E6C
[2018-05-09 21:50:57] [INFO] 找到句柄CDwindow-F37DEBE7D752B492703DD8F74AD68965
[2018-05-09 21:50:57] [INFO] 开始查找元素：By.xpath: //*[@id="frameuinfo"]/p[1]/a
[2018-05-09 21:50:57] [INFO] 找到了元素 [By.xpath: //*[@id="frameuinfo"]/p[1]/a]
[2018-05-09 21:50:59] [INFO] 对[[ChromeDriver: chrome on XP (f985faa7fa55ee05b22d5faa54d7a59d)] -> xpath: //*[@id="frameuinfo"]/p[1]/a]该元素进行了点击操作
[2018-05-09 21:50:59] [INFO] 开始查找元素：By.xpath: //*[@id="frameuinfo"]/p[1]/a
[2018-05-09 21:51:05] [ERROR] 超时!! 5 秒之后还没找到元素 [By.xpath: //*[@id="frameuinfo"]/p[1]/a]
