[2018-05-10 11:26:36] [INFO] chromedriver
[2018-05-10 11:26:39] [INFO] 获取到的浏览区网址为：http://127.0.0.1/upload/forum.php
[2018-05-10 11:26:39] [INFO] 开始查找元素：By.id: ls_username
[2018-05-10 11:26:39] [INFO] 找到了元素 [By.id: ls_username]
[2018-05-10 11:26:39] [INFO] 对[[ChromeDriver: chrome on XP (50f818254118ed89fa9689baf91e42db)] -> id: ls_username]该元素进行了点击操作
[2018-05-10 11:26:40] [INFO] 以向文本框输入：admin
[2018-05-10 11:26:40] [INFO] 对[[ChromeDriver: chrome on XP (50f818254118ed89fa9689baf91e42db)] -> id: ls_password]该元素进行了点击操作
[2018-05-10 11:26:40] [INFO] 以向文本框输入：123456
[2018-05-10 11:26:40] [INFO] 对[[ChromeDriver: chrome on XP (50f818254118ed89fa9689baf91e42db)] -> xpath: /html/body/div[5]/div/div[1]/form/div/div/table/tbody/tr[2]/td[3]/button]该元素进行了点击操作
[2018-05-10 11:26:40] [INFO] 开始查找元素：By.xpath: /html/body/div[7]/div[3]/div[3]/div[1]/div/div[2]/table/tbody/tr[1]/td[2]/h2/a
[2018-05-10 11:26:45] [INFO] 找到了元素 [By.xpath: /html/body/div[7]/div[3]/div[3]/div[1]/div/div[2]/table/tbody/tr[1]/td[2]/h2/a]
[2018-05-10 11:26:47] [INFO] 对[[ChromeDriver: chrome on XP (50f818254118ed89fa9689baf91e42db)] -> xpath: /html/body/div[7]/div[3]/div[3]/div[1]/div/div[2]/table/tbody/tr[1]/td[2]/h2/a]该元素进行了点击操作
[2018-05-10 11:26:49] [INFO] 对[[ChromeDriver: chrome on XP (50f818254118ed89fa9689baf91e42db)] -> xpath: //*[@id="newspecial"]/img]该元素进行了点击操作
[2018-05-10 11:26:50] [INFO] 对[[ChromeDriver: chrome on XP (50f818254118ed89fa9689baf91e42db)] -> xpath: //*[@id="editorbox"]/ul/li[2]/a]该元素进行了点击操作
[2018-05-10 11:26:50] [INFO] 对[[ChromeDriver: chrome on XP (50f818254118ed89fa9689baf91e42db)] -> name: subject]该元素进行了点击操作
[2018-05-10 11:26:50] [INFO] 以向文本框输入：你喜欢哪门课？
[2018-05-10 11:26:50] [INFO] 对[[ChromeDriver: chrome on XP (50f818254118ed89fa9689baf91e42db)] -> xpath: //*[@id="pollm_c_1"]/p[1]/input]该元素进行了点击操作
[2018-05-10 11:26:50] [INFO] 以向文本框输入：Java
[2018-05-10 11:26:51] [INFO] 以向文本框输入：自动化
[2018-05-10 11:26:51] [INFO] 以向文本框输入：安全
[2018-05-10 11:26:51] [INFO] 开始查找元素：By.id: e_iframe
[2018-05-10 11:26:51] [INFO] 找到了元素 [By.id: e_iframe]
[2018-05-10 11:26:51] [INFO] 对[[ChromeDriver: chrome on XP (50f818254118ed89fa9689baf91e42db)] -> id: e_iframe]该元素进行了点击操作
[2018-05-10 11:26:51] [INFO] 以向文本框输入：选吧
[2018-05-10 11:26:51] [INFO] 对[[ChromeDriver: chrome on XP (50f818254118ed89fa9689baf91e42db)] -> id: postsubmit]该元素进行了点击操作
[2018-05-10 11:26:51] [INFO] 开始查找元素：By.id: option_1
[2018-05-10 11:26:55] [INFO] 找到了元素 [By.id: option_1]
[2018-05-10 11:26:55] [INFO] 对[[ChromeDriver: chrome on XP (50f818254118ed89fa9689baf91e42db)] -> id: option_1]该元素进行了点击操作
[2018-05-10 11:26:55] [INFO] 对[[ChromeDriver: chrome on XP (50f818254118ed89fa9689baf91e42db)] -> id: pollsubmit]该元素进行了点击操作
[2018-05-10 11:26:55] [INFO] 找到句柄CDwindow-60CD81701DA39C680F65089DEC8D4489
[2018-05-10 11:26:55] [INFO] 开始查找元素：By.xpath: //*[@id="pollm_c_1"]/p[1]/input
[2018-05-10 11:27:07] [ERROR] 超时!! 10 秒之后还没找到元素 [By.xpath: //*[@id="pollm_c_1"]/p[1]/input]
