[2018-05-10 11:28:17] [INFO] chromedriver
[2018-05-10 11:28:20] [INFO] 获取到的浏览区网址为：http://127.0.0.1/upload/forum.php
[2018-05-10 11:28:20] [INFO] 开始查找元素：By.id: ls_username
[2018-05-10 11:28:20] [INFO] 找到了元素 [By.id: ls_username]
[2018-05-10 11:28:20] [INFO] 对[[ChromeDriver: chrome on XP (f566e613811e99cc97b64b3143810f78)] -> id: ls_username]该元素进行了点击操作
[2018-05-10 11:28:20] [INFO] 以向文本框输入：admin
[2018-05-10 11:28:20] [INFO] 对[[ChromeDriver: chrome on XP (f566e613811e99cc97b64b3143810f78)] -> id: ls_password]该元素进行了点击操作
[2018-05-10 11:28:20] [INFO] 以向文本框输入：123456
[2018-05-10 11:28:20] [INFO] 对[[ChromeDriver: chrome on XP (f566e613811e99cc97b64b3143810f78)] -> xpath: /html/body/div[5]/div/div[1]/form/div/div/table/tbody/tr[2]/td[3]/button]该元素进行了点击操作
[2018-05-10 11:28:20] [INFO] 开始查找元素：By.xpath: /html/body/div[7]/div[3]/div[3]/div[1]/div/div[2]/table/tbody/tr[1]/td[2]/h2/a
[2018-05-10 11:28:26] [INFO] 找到了元素 [By.xpath: /html/body/div[7]/div[3]/div[3]/div[1]/div/div[2]/table/tbody/tr[1]/td[2]/h2/a]
[2018-05-10 11:28:27] [INFO] 对[[ChromeDriver: chrome on XP (f566e613811e99cc97b64b3143810f78)] -> xpath: /html/body/div[7]/div[3]/div[3]/div[1]/div/div[2]/table/tbody/tr[1]/td[2]/h2/a]该元素进行了点击操作
[2018-05-10 11:28:29] [INFO] 对[[ChromeDriver: chrome on XP (f566e613811e99cc97b64b3143810f78)] -> xpath: //*[@id="newspecial"]/img]该元素进行了点击操作
[2018-05-10 11:28:30] [INFO] 对[[ChromeDriver: chrome on XP (f566e613811e99cc97b64b3143810f78)] -> xpath: //*[@id="editorbox"]/ul/li[2]/a]该元素进行了点击操作
[2018-05-10 11:28:30] [INFO] 对[[ChromeDriver: chrome on XP (f566e613811e99cc97b64b3143810f78)] -> name: subject]该元素进行了点击操作
[2018-05-10 11:28:30] [INFO] 以向文本框输入：你喜欢哪门课？
[2018-05-10 11:28:30] [INFO] 对[[ChromeDriver: chrome on XP (f566e613811e99cc97b64b3143810f78)] -> xpath: //*[@id="pollm_c_1"]/p[1]/input]该元素进行了点击操作
[2018-05-10 11:28:30] [INFO] 以向文本框输入：Java
[2018-05-10 11:28:31] [INFO] 以向文本框输入：自动化
[2018-05-10 11:28:31] [INFO] 以向文本框输入：安全
[2018-05-10 11:28:31] [INFO] 开始查找元素：By.id: e_iframe
[2018-05-10 11:28:31] [INFO] 找到了元素 [By.id: e_iframe]
[2018-05-10 11:28:31] [INFO] 对[[ChromeDriver: chrome on XP (f566e613811e99cc97b64b3143810f78)] -> id: e_iframe]该元素进行了点击操作
[2018-05-10 11:28:31] [INFO] 以向文本框输入：选吧
[2018-05-10 11:28:31] [INFO] 对[[ChromeDriver: chrome on XP (f566e613811e99cc97b64b3143810f78)] -> id: postsubmit]该元素进行了点击操作
[2018-05-10 11:28:31] [INFO] 开始查找元素：By.id: option_1
[2018-05-10 11:28:35] [INFO] 找到了元素 [By.id: option_1]
[2018-05-10 11:28:35] [INFO] 对[[ChromeDriver: chrome on XP (f566e613811e99cc97b64b3143810f78)] -> id: option_1]该元素进行了点击操作
[2018-05-10 11:28:35] [INFO] 对[[ChromeDriver: chrome on XP (f566e613811e99cc97b64b3143810f78)] -> id: pollsubmit]该元素进行了点击操作
[2018-05-10 11:28:35] [INFO] 开始查找元素：By.xpath: //*[@id="poll"]/div[2]/table/tbody/tr[2]/td[2]
[2018-05-10 11:28:35] [INFO] 找到了元素 [By.xpath: //*[@id="poll"]/div[2]/table/tbody/tr[2]/td[2]]
