[2018-05-09 19:03:25] [INFO] chromedriver
[2018-05-09 19:03:28] [INFO] 获取到的浏览区网址为：http://127.0.0.1/upload/forum.php
[2018-05-09 19:03:28] [INFO] 开始查找元素：By.id: ls_username
[2018-05-09 19:03:28] [INFO] 找到了元素 [By.id: ls_username]
[2018-05-09 19:03:28] [INFO] 对[[ChromeDriver: chrome on XP (b91079bae3546bb1c80dcca67d757f25)] -> id: ls_username]该元素进行了点击操作
[2018-05-09 19:03:28] [INFO] 以向文本框输入：admin
[2018-05-09 19:03:28] [INFO] 对[[ChromeDriver: chrome on XP (b91079bae3546bb1c80dcca67d757f25)] -> id: ls_password]该元素进行了点击操作
[2018-05-09 19:03:29] [INFO] 以向文本框输入：123456
[2018-05-09 19:03:29] [INFO] 对[[ChromeDriver: chrome on XP (b91079bae3546bb1c80dcca67d757f25)] -> xpath: /html/body/div[5]/div/div[1]/form/div/div/table/tbody/tr[2]/td[3]/button]该元素进行了点击操作
[2018-05-09 19:03:29] [INFO] 开始查找元素：By.xpath: /html/body/div[6]/div/div[1]/div/p[1]/a[6]
[2018-05-09 19:03:34] [INFO] 找到了元素 [By.xpath: /html/body/div[6]/div/div[1]/div/p[1]/a[6]]
[2018-05-09 19:03:34] [INFO] 对[[ChromeDriver: chrome on XP (b91079bae3546bb1c80dcca67d757f25)] -> xpath: /html/body/div[6]/div/div[1]/div/p[1]/a[6]]该元素进行了点击操作
[2018-05-09 19:03:34] [INFO] 找到句柄CDwindow-115CA29C244D12AD29EAC53631F0A68D
[2018-05-09 19:03:34] [INFO] 找到句柄CDwindow-EDF20E35F262A870EEE742719E4596C8
[2018-05-09 19:03:34] [INFO] 开始查找元素：By.xpath: //*[@id="header_forum"]
[2018-05-09 19:03:58] [INFO] 找到了元素 [By.xpath: //*[@id="header_forum"]]
[2018-05-09 19:03:58] [INFO] 对[[ChromeDriver: chrome on XP (b91079bae3546bb1c80dcca67d757f25)] -> xpath: //*[@id="header_forum"]]该元素进行了点击操作
[2018-05-09 19:03:58] [INFO] 开始查找元素：By.className: addtr
[2018-05-09 19:04:01] [INFO] 找到了元素 [By.className: addtr]
[2018-05-09 19:04:01] [INFO] 对[[ChromeDriver: chrome on XP (b91079bae3546bb1c80dcca67d757f25)] -> class name: addtr]该元素进行了点击操作
[2018-05-09 19:04:01] [INFO] 对[[ChromeDriver: chrome on XP (b91079bae3546bb1c80dcca67d757f25)] -> id: submit_editsubmit]该元素进行了点击操作
[2018-05-09 19:04:01] [INFO] 开始查找元素：By.xpath: //*[@id="frameuinfo"]/p[1]/a
[2018-05-09 19:04:13] [ERROR] 超时!! 10 秒之后还没找到元素 [By.xpath: //*[@id="frameuinfo"]/p[1]/a]
