[2018-05-09 17:37:54] [INFO] chromedriver
[2018-05-09 17:37:59] [INFO] 获取到的浏览区网址为：http://127.0.0.1/upload/forum.php
[2018-05-09 17:37:59] [INFO] 开始查找元素：By.id: ls_username
[2018-05-09 17:37:59] [INFO] 找到了元素 [By.id: ls_username]
[2018-05-09 17:37:59] [INFO] 对[[ChromeDriver: chrome on XP (95baffe62cee5ccb9ed110080f8c6bca)] -> id: ls_username]该元素进行了点击操作
[2018-05-09 17:37:59] [INFO] 以向文本框输入：admin
[2018-05-09 17:37:59] [INFO] 对[[ChromeDriver: chrome on XP (95baffe62cee5ccb9ed110080f8c6bca)] -> id: ls_password]该元素进行了点击操作
[2018-05-09 17:38:00] [INFO] 以向文本框输入：123456
[2018-05-09 17:38:00] [INFO] 对[[ChromeDriver: chrome on XP (95baffe62cee5ccb9ed110080f8c6bca)] -> xpath: /html/body/div[5]/div/div[1]/form/div/div/table/tbody/tr[2]/td[3]/button]该元素进行了点击操作
[2018-05-09 17:38:00] [INFO] 开始查找元素：By.xpath: /html/body/div[5]/div/div[1]/form/div/div/table/tbody/tr[2]/td[3]/button
[2018-05-09 17:38:00] [INFO] 找到了元素 [By.xpath: /html/body/div[5]/div/div[1]/form/div/div/table/tbody/tr[2]/td[3]/button]
[2018-05-09 17:38:00] [INFO] 开始查找元素：By.id: ls_username
[2018-05-09 17:38:00] [INFO] 找到了元素 [By.id: ls_username]
[2018-05-09 17:38:00] [INFO] 对[[ChromeDriver: chrome on XP (95baffe62cee5ccb9ed110080f8c6bca)] -> id: ls_username]该元素进行了点击操作
[2018-05-09 17:38:00] [INFO] 以向文本框输入：jingjingya
[2018-05-09 17:38:00] [INFO] 对[[ChromeDriver: chrome on XP (95baffe62cee5ccb9ed110080f8c6bca)] -> id: ls_password]该元素进行了点击操作
[2018-05-09 17:38:00] [INFO] 以向文本框输入：jingya00
[2018-05-09 17:38:00] [INFO] 对[[ChromeDriver: chrome on XP (95baffe62cee5ccb9ed110080f8c6bca)] -> xpath: /html/body/div[5]/div/div[1]/form/div/div/table/tbody/tr[2]/td[3]/button]该元素进行了点击操作
[2018-05-09 17:38:00] [INFO] 开始查找元素：By.xpath: /html/body/div[5]/div/div[1]/form/div/div/table/tbody/tr[2]/td[3]/button
[2018-05-09 17:38:00] [INFO] 找到了元素 [By.xpath: /html/body/div[5]/div/div[1]/form/div/div/table/tbody/tr[2]/td[3]/button]
