[2018-05-09 17:44:31] [INFO] chromedriver
[2018-05-09 17:44:35] [INFO] 获取到的浏览区网址为：http://127.0.0.1/upload/forum.php
[2018-05-09 17:44:35] [INFO] 开始查找元素：By.id: ls_username
[2018-05-09 17:44:35] [INFO] 找到了元素 [By.id: ls_username]
[2018-05-09 17:44:35] [INFO] 对[[ChromeDriver: chrome on XP (8cf0a334997cf22717de605ccb1eabf8)] -> id: ls_username]该元素进行了点击操作
[2018-05-09 17:44:35] [INFO] 以向文本框输入：admin
[2018-05-09 17:44:35] [INFO] 对[[ChromeDriver: chrome on XP (8cf0a334997cf22717de605ccb1eabf8)] -> id: ls_password]该元素进行了点击操作
[2018-05-09 17:44:35] [INFO] 以向文本框输入：123456
[2018-05-09 17:44:35] [INFO] 对[[ChromeDriver: chrome on XP (8cf0a334997cf22717de605ccb1eabf8)] -> xpath: /html/body/div[5]/div/div[1]/form/div/div/table/tbody/tr[2]/td[3]/button]该元素进行了点击操作
[2018-05-09 17:44:35] [INFO] 开始查找元素：By.xpath: /html/body/div[5]/div/div[1]/form/div/div/table/tbody/tr[2]/td[3]/button
[2018-05-09 17:44:35] [INFO] 找到了元素 [By.xpath: /html/body/div[5]/div/div[1]/form/div/div/table/tbody/tr[2]/td[3]/button]
[2018-05-09 17:44:35] [INFO] 开始查找元素：By.xpath: /html/body/div[6]/div/div[1]/div/p[1]/a[6]
[2018-05-09 17:44:40] [INFO] 找到了元素 [By.xpath: /html/body/div[6]/div/div[1]/div/p[1]/a[6]]
[2018-05-09 17:44:41] [INFO] 对[[ChromeDriver: chrome on XP (8cf0a334997cf22717de605ccb1eabf8)] -> xpath: /html/body/div[6]/div/div[1]/div/p[1]/a[6]]该元素进行了点击操作
[2018-05-09 17:44:41] [INFO] 找到句柄CDwindow-D8DC05FE1A885E52EA66AE0B6C8BA1A6
[2018-05-09 17:44:41] [INFO] 找到句柄CDwindow-3764BCA1435A0012AA0D4222BCB48B35
[2018-05-09 17:44:41] [INFO] 开始查找元素：By.xpath: //*[@id="header_forum"]
[2018-05-09 17:45:04] [INFO] 找到了元素 [By.xpath: //*[@id="header_forum"]]
[2018-05-09 17:45:04] [INFO] 对[[ChromeDriver: chrome on XP (8cf0a334997cf22717de605ccb1eabf8)] -> xpath: //*[@id="header_forum"]]该元素进行了点击操作
[2018-05-09 17:45:04] [INFO] 开始查找元素：By.className: addtr
[2018-05-09 17:45:08] [INFO] 找到了元素 [By.className: addtr]
[2018-05-09 17:45:08] [INFO] 对[[ChromeDriver: chrome on XP (8cf0a334997cf22717de605ccb1eabf8)] -> class name: addtr]该元素进行了点击操作
[2018-05-09 17:45:08] [INFO] 对[[ChromeDriver: chrome on XP (8cf0a334997cf22717de605ccb1eabf8)] -> id: submit_editsubmit]该元素进行了点击操作
[2018-05-09 17:45:08] [INFO] 开始查找元素：By.id: ls_username
[2018-05-09 17:45:14] [ERROR] 超时!! 5 秒之后还没找到元素 [By.id: ls_username]
