[2018-05-09 17:27:38] [INFO] chromedriver
[2018-05-09 17:27:41] [INFO] 获取到的浏览区网址为：http://127.0.0.1/upload/forum.php
[2018-05-09 17:27:41] [INFO] 开始查找元素：By.id: ls_username
[2018-05-09 17:27:41] [INFO] 找到了元素 [By.id: ls_username]
[2018-05-09 17:27:41] [INFO] 对[[ChromeDriver: chrome on XP (9d2ad83ab71deed3b595ec286ce9b8ca)] -> id: ls_username]该元素进行了点击操作
[2018-05-09 17:27:41] [INFO] 以向文本框输入：admin
[2018-05-09 17:27:41] [INFO] 对[[ChromeDriver: chrome on XP (9d2ad83ab71deed3b595ec286ce9b8ca)] -> id: ls_password]该元素进行了点击操作
[2018-05-09 17:27:42] [INFO] 以向文本框输入：123456
[2018-05-09 17:27:42] [INFO] 对[[ChromeDriver: chrome on XP (9d2ad83ab71deed3b595ec286ce9b8ca)] -> xpath: /html/body/div[5]/div/div[1]/form/div/div/table/tbody/tr[2]/td[3]/button]该元素进行了点击操作
[2018-05-09 17:27:42] [INFO] 开始查找元素：By.xpath: /html/body/div[5]/div/div[1]/form/div/div/table/tbody/tr[2]/td[3]/button
[2018-05-09 17:27:42] [INFO] 找到了元素 [By.xpath: /html/body/div[5]/div/div[1]/form/div/div/table/tbody/tr[2]/td[3]/button]
[2018-05-09 17:27:42] [INFO] 开始查找元素：By.xpath: /html/body/div[6]/div/div[1]/div/p[1]/a[6]
[2018-05-09 17:27:47] [INFO] 找到了元素 [By.xpath: /html/body/div[6]/div/div[1]/div/p[1]/a[6]]
[2018-05-09 17:27:47] [INFO] 对[[ChromeDriver: chrome on XP (9d2ad83ab71deed3b595ec286ce9b8ca)] -> xpath: /html/body/div[6]/div/div[1]/div/p[1]/a[6]]该元素进行了点击操作
[2018-05-09 17:27:47] [INFO] 找到句柄CDwindow-EE572CADDF557CC461B48F18E634D972
[2018-05-09 17:27:47] [INFO] 找到句柄CDwindow-6E15768A1C2EF84EDC4C3EB09D1D0BA9
[2018-05-09 17:27:47] [INFO] 开始查找元素：By.className: txt
[2018-05-09 17:27:48] [INFO] 找到了元素 [By.className: txt]
[2018-05-09 17:27:49] [INFO] 以向文本框输入：123456
[2018-05-09 17:28:15] [INFO] 对[[ChromeDriver: chrome on XP (9d2ad83ab71deed3b595ec286ce9b8ca)] -> class name: btn]该元素进行了点击操作
[2018-05-09 17:28:15] [INFO] 找到句柄CDwindow-EE572CADDF557CC461B48F18E634D972
[2018-05-09 17:28:15] [INFO] 找到句柄CDwindow-6E15768A1C2EF84EDC4C3EB09D1D0BA9
[2018-05-09 17:28:15] [INFO] 开始查找元素：By.xpath: //*[@id="header_forum"]
[2018-05-09 17:28:15] [INFO] 找到了元素 [By.xpath: //*[@id="header_forum"]]
[2018-05-09 17:28:15] [INFO] 对[[ChromeDriver: chrome on XP (9d2ad83ab71deed3b595ec286ce9b8ca)] -> xpath: //*[@id="header_forum"]]该元素进行了点击操作
